<?xml version="1.0" encoding="UTF-8"?>
<testsuite xmlns:xsi="http://www.w3.org/2001/XMLSchema-instance" xsi:noNamespaceSchemaLocation="https://maven.apache.org/surefire/maven-surefire-plugin/xsd/surefire-test-report.xsd" name="TestRunner.TestRunner" time="83.137" tests="9" errors="0" skipped="0" failures="8">
  <properties>
    <property name="sun.desktop" value="windows"/>
    <property name="awt.toolkit" value="sun.awt.windows.WToolkit"/>
    <property name="file.encoding.pkg" value="sun.io"/>
    <property name="java.specification.version" value="1.8"/>
    <property name="sun.cpu.isalist" value="amd64"/>
    <property name="sun.jnu.encoding" value="Cp1252"/>
    <property name="java.class.path" value="D:\BER\KAIST\SEM6\PPL3\PRAKTIK\week12\3\AutomationWebTesting\target\test-classes;D:\BER\KAIST\SEM6\PPL3\PRAKTIK\week12\3\AutomationWebTesting\target\classes;C:\Users\Berliana Elfada\.m2\repository\io\cucumber\cucumber-java\7.17.0\cucumber-java-7.17.0.jar;C:\Users\Berliana Elfada\.m2\repository\io\cucumber\cucumber-core\7.17.0\cucumber-core-7.17.0.jar;C:\Users\Berliana Elfada\.m2\repository\io\cucumber\cucumber-gherkin\7.17.0\cucumber-gherkin-7.17.0.jar;C:\Users\Berliana Elfada\.m2\repository\io\cucumber\cucumber-gherkin-messages\7.17.0\cucumber-gherkin-messages-7.17.0.jar;C:\Users\Berliana Elfada\.m2\repository\io\cucumber\gherkin\28.0.0\gherkin-28.0.0.jar;C:\Users\Berliana Elfada\.m2\repository\io\cucumber\messages\24.1.0\messages-24.1.0.jar;C:\Users\Berliana Elfada\.m2\repository\io\cucumber\testng-xml-formatter\0.1.0\testng-xml-formatter-0.1.0.jar;C:\Users\Berliana Elfada\.m2\repository\io\cucumber\query\12.1.2\query-12.1.2.jar;C:\Users\Berliana Elfada\.m2\repository\io\cucumber\tag-expressions\6.1.0\tag-expressions-6.1.0.jar;C:\Users\Berliana Elfada\.m2\repository\io\cucumber\cucumber-expressions\17.1.0\cucumber-expressions-17.1.0.jar;C:\Users\Berliana Elfada\.m2\repository\io\cucumber\datatable\7.17.0\datatable-7.17.0.jar;C:\Users\Berliana Elfada\.m2\repository\io\cucumber\cucumber-plugin\7.17.0\cucumber-plugin-7.17.0.jar;C:\Users\Berliana Elfada\.m2\repository\io\cucumber\docstring\7.17.0\docstring-7.17.0.jar;C:\Users\Berliana Elfada\.m2\repository\io\cucumber\html-formatter\21.3.1\html-formatter-21.3.1.jar;C:\Users\Berliana Elfada\.m2\repository\io\cucumber\junit-xml-formatter\0.4.0\junit-xml-formatter-0.4.0.jar;C:\Users\Berliana Elfada\.m2\repository\io\cucumber\ci-environment\10.0.1\ci-environment-10.0.1.jar;C:\Users\Berliana Elfada\.m2\repository\org\apiguardian\apiguardian-api\1.1.2\apiguardian-api-1.1.2.jar;C:\Users\Berliana Elfada\.m2\repository\junit\junit\4.11\junit-4.11.jar;C:\Users\Berliana Elfada\.m2\repository\org\hamcrest\hamcrest-core\1.3\hamcrest-core-1.3.jar;C:\Users\Berliana Elfada\.m2\repository\io\cucumber\cucumber-junit\7.17.0\cucumber-junit-7.17.0.jar;C:\Users\Berliana Elfada\.m2\repository\org\seleniumhq\selenium\selenium-java\3.141.59\selenium-java-3.141.59.jar;C:\Users\Berliana Elfada\.m2\repository\org\seleniumhq\selenium\selenium-api\3.141.59\selenium-api-3.141.59.jar;C:\Users\Berliana Elfada\.m2\repository\org\seleniumhq\selenium\selenium-chrome-driver\3.141.59\selenium-chrome-driver-3.141.59.jar;C:\Users\Berliana Elfada\.m2\repository\org\seleniumhq\selenium\selenium-edge-driver\3.141.59\selenium-edge-driver-3.141.59.jar;C:\Users\Berliana Elfada\.m2\repository\org\seleniumhq\selenium\selenium-firefox-driver\3.141.59\selenium-firefox-driver-3.141.59.jar;C:\Users\Berliana Elfada\.m2\repository\org\seleniumhq\selenium\selenium-ie-driver\3.141.59\selenium-ie-driver-3.141.59.jar;C:\Users\Berliana Elfada\.m2\repository\org\seleniumhq\selenium\selenium-opera-driver\3.141.59\selenium-opera-driver-3.141.59.jar;C:\Users\Berliana Elfada\.m2\repository\org\seleniumhq\selenium\selenium-remote-driver\3.141.59\selenium-remote-driver-3.141.59.jar;C:\Users\Berliana Elfada\.m2\repository\org\seleniumhq\selenium\selenium-safari-driver\3.141.59\selenium-safari-driver-3.141.59.jar;C:\Users\Berliana Elfada\.m2\repository\org\seleniumhq\selenium\selenium-support\3.141.59\selenium-support-3.141.59.jar;C:\Users\Berliana Elfada\.m2\repository\net\bytebuddy\byte-buddy\1.8.15\byte-buddy-1.8.15.jar;C:\Users\Berliana Elfada\.m2\repository\org\apache\commons\commons-exec\1.3\commons-exec-1.3.jar;C:\Users\Berliana Elfada\.m2\repository\com\google\guava\guava\25.0-jre\guava-25.0-jre.jar;C:\Users\Berliana Elfada\.m2\repository\com\google\code\findbugs\jsr305\1.3.9\jsr305-1.3.9.jar;C:\Users\Berliana Elfada\.m2\repository\org\checkerframework\checker-compat-qual\2.0.0\checker-compat-qual-2.0.0.jar;C:\Users\Berliana Elfada\.m2\repository\com\google\errorprone\error_prone_annotations\2.1.3\error_prone_annotations-2.1.3.jar;C:\Users\Berliana Elfada\.m2\repository\com\google\j2objc\j2objc-annotations\1.1\j2objc-annotations-1.1.jar;C:\Users\Berliana Elfada\.m2\repository\org\codehaus\mojo\animal-sniffer-annotations\1.14\animal-sniffer-annotations-1.14.jar;C:\Users\Berliana Elfada\.m2\repository\com\squareup\okhttp3\okhttp\3.11.0\okhttp-3.11.0.jar;C:\Users\Berliana Elfada\.m2\repository\com\squareup\okio\okio\1.14.0\okio-1.14.0.jar;C:\Users\Berliana Elfada\.m2\repository\net\masterthought\cucumber-reporting\5.4.0\cucumber-reporting-5.4.0.jar;C:\Users\Berliana Elfada\.m2\repository\com\fasterxml\jackson\core\jackson-databind\2.10.1\jackson-databind-2.10.1.jar;C:\Users\Berliana Elfada\.m2\repository\com\fasterxml\jackson\core\jackson-annotations\2.10.1\jackson-annotations-2.10.1.jar;C:\Users\Berliana Elfada\.m2\repository\com\fasterxml\jackson\core\jackson-core\2.10.1\jackson-core-2.10.1.jar;C:\Users\Berliana Elfada\.m2\repository\com\fasterxml\jackson\datatype\jackson-datatype-jsr310\2.10.1\jackson-datatype-jsr310-2.10.1.jar;C:\Users\Berliana Elfada\.m2\repository\org\apache\velocity\velocity-engine-core\2.1\velocity-engine-core-2.1.jar;C:\Users\Berliana Elfada\.m2\repository\org\slf4j\slf4j-api\1.7.26\slf4j-api-1.7.26.jar;C:\Users\Berliana Elfada\.m2\repository\commons-collections\commons-collections\3.2.2\commons-collections-3.2.2.jar;C:\Users\Berliana Elfada\.m2\repository\joda-time\joda-time\2.10.5\joda-time-2.10.5.jar;C:\Users\Berliana Elfada\.m2\repository\org\apache\commons\commons-lang3\3.9\commons-lang3-3.9.jar;C:\Users\Berliana Elfada\.m2\repository\commons-io\commons-io\2.6\commons-io-2.6.jar;C:\Users\Berliana Elfada\.m2\repository\org\codehaus\plexus\plexus-utils\3.3.0\plexus-utils-3.3.0.jar;C:\Users\Berliana Elfada\.m2\repository\org\jsoup\jsoup\1.12.1\jsoup-1.12.1.jar;C:\Users\Berliana Elfada\.m2\repository\com\googlecode\owasp-java-html-sanitizer\owasp-java-html-sanitizer\20191001.1\owasp-java-html-sanitizer-20191001.1.jar;C:\Users\Berliana Elfada\.m2\repository\commons-configuration\commons-configuration\1.10\commons-configuration-1.10.jar;C:\Users\Berliana Elfada\.m2\repository\commons-lang\commons-lang\2.6\commons-lang-2.6.jar;C:\Users\Berliana Elfada\.m2\repository\commons-logging\commons-logging\1.1.1\commons-logging-1.1.1.jar;"/>
    <property name="java.vm.vendor" value="Azul Systems, Inc."/>
    <property name="sun.arch.data.model" value="64"/>
    <property name="user.variant" value=""/>
    <property name="java.vendor.url" value="http://www.azul.com/"/>
    <property name="user.timezone" value="Asia/Bangkok"/>
    <property name="java.vm.specification.version" value="1.8"/>
    <property name="os.name" value="Windows 11"/>
    <property name="user.country" value="US"/>
    <property name="sun.java.launcher" value="SUN_STANDARD"/>
    <property name="sun.boot.library.path" value="C:\Program Files\Zulu\zulu-8\jre\bin"/>
    <property name="sun.java.command" value="C:\Users\BERLIA~1\AppData\Local\Temp\surefire1906529758569566528\surefirebooter1782078245124310597.jar C:\Users\Berliana Elfada\AppData\Local\Temp\surefire1906529758569566528 2024-05-14T10-42-42_295-jvmRun1 surefire9158263709844565197tmp surefire_03507675963787252773tmp"/>
    <property name="surefire.test.class.path" value="D:\BER\KAIST\SEM6\PPL3\PRAKTIK\week12\3\AutomationWebTesting\target\test-classes;D:\BER\KAIST\SEM6\PPL3\PRAKTIK\week12\3\AutomationWebTesting\target\classes;C:\Users\Berliana Elfada\.m2\repository\io\cucumber\cucumber-java\7.17.0\cucumber-java-7.17.0.jar;C:\Users\Berliana Elfada\.m2\repository\io\cucumber\cucumber-core\7.17.0\cucumber-core-7.17.0.jar;C:\Users\Berliana Elfada\.m2\repository\io\cucumber\cucumber-gherkin\7.17.0\cucumber-gherkin-7.17.0.jar;C:\Users\Berliana Elfada\.m2\repository\io\cucumber\cucumber-gherkin-messages\7.17.0\cucumber-gherkin-messages-7.17.0.jar;C:\Users\Berliana Elfada\.m2\repository\io\cucumber\gherkin\28.0.0\gherkin-28.0.0.jar;C:\Users\Berliana Elfada\.m2\repository\io\cucumber\messages\24.1.0\messages-24.1.0.jar;C:\Users\Berliana Elfada\.m2\repository\io\cucumber\testng-xml-formatter\0.1.0\testng-xml-formatter-0.1.0.jar;C:\Users\Berliana Elfada\.m2\repository\io\cucumber\query\12.1.2\query-12.1.2.jar;C:\Users\Berliana Elfada\.m2\repository\io\cucumber\tag-expressions\6.1.0\tag-expressions-6.1.0.jar;C:\Users\Berliana Elfada\.m2\repository\io\cucumber\cucumber-expressions\17.1.0\cucumber-expressions-17.1.0.jar;C:\Users\Berliana Elfada\.m2\repository\io\cucumber\datatable\7.17.0\datatable-7.17.0.jar;C:\Users\Berliana Elfada\.m2\repository\io\cucumber\cucumber-plugin\7.17.0\cucumber-plugin-7.17.0.jar;C:\Users\Berliana Elfada\.m2\repository\io\cucumber\docstring\7.17.0\docstring-7.17.0.jar;C:\Users\Berliana Elfada\.m2\repository\io\cucumber\html-formatter\21.3.1\html-formatter-21.3.1.jar;C:\Users\Berliana Elfada\.m2\repository\io\cucumber\junit-xml-formatter\0.4.0\junit-xml-formatter-0.4.0.jar;C:\Users\Berliana Elfada\.m2\repository\io\cucumber\ci-environment\10.0.1\ci-environment-10.0.1.jar;C:\Users\Berliana Elfada\.m2\repository\org\apiguardian\apiguardian-api\1.1.2\apiguardian-api-1.1.2.jar;C:\Users\Berliana Elfada\.m2\repository\junit\junit\4.11\junit-4.11.jar;C:\Users\Berliana Elfada\.m2\repository\org\hamcrest\hamcrest-core\1.3\hamcrest-core-1.3.jar;C:\Users\Berliana Elfada\.m2\repository\io\cucumber\cucumber-junit\7.17.0\cucumber-junit-7.17.0.jar;C:\Users\Berliana Elfada\.m2\repository\org\seleniumhq\selenium\selenium-java\3.141.59\selenium-java-3.141.59.jar;C:\Users\Berliana Elfada\.m2\repository\org\seleniumhq\selenium\selenium-api\3.141.59\selenium-api-3.141.59.jar;C:\Users\Berliana Elfada\.m2\repository\org\seleniumhq\selenium\selenium-chrome-driver\3.141.59\selenium-chrome-driver-3.141.59.jar;C:\Users\Berliana Elfada\.m2\repository\org\seleniumhq\selenium\selenium-edge-driver\3.141.59\selenium-edge-driver-3.141.59.jar;C:\Users\Berliana Elfada\.m2\repository\org\seleniumhq\selenium\selenium-firefox-driver\3.141.59\selenium-firefox-driver-3.141.59.jar;C:\Users\Berliana Elfada\.m2\repository\org\seleniumhq\selenium\selenium-ie-driver\3.141.59\selenium-ie-driver-3.141.59.jar;C:\Users\Berliana Elfada\.m2\repository\org\seleniumhq\selenium\selenium-opera-driver\3.141.59\selenium-opera-driver-3.141.59.jar;C:\Users\Berliana Elfada\.m2\repository\org\seleniumhq\selenium\selenium-remote-driver\3.141.59\selenium-remote-driver-3.141.59.jar;C:\Users\Berliana Elfada\.m2\repository\org\seleniumhq\selenium\selenium-safari-driver\3.141.59\selenium-safari-driver-3.141.59.jar;C:\Users\Berliana Elfada\.m2\repository\org\seleniumhq\selenium\selenium-support\3.141.59\selenium-support-3.141.59.jar;C:\Users\Berliana Elfada\.m2\repository\net\bytebuddy\byte-buddy\1.8.15\byte-buddy-1.8.15.jar;C:\Users\Berliana Elfada\.m2\repository\org\apache\commons\commons-exec\1.3\commons-exec-1.3.jar;C:\Users\Berliana Elfada\.m2\repository\com\google\guava\guava\25.0-jre\guava-25.0-jre.jar;C:\Users\Berliana Elfada\.m2\repository\com\google\code\findbugs\jsr305\1.3.9\jsr305-1.3.9.jar;C:\Users\Berliana Elfada\.m2\repository\org\checkerframework\checker-compat-qual\2.0.0\checker-compat-qual-2.0.0.jar;C:\Users\Berliana Elfada\.m2\repository\com\google\errorprone\error_prone_annotations\2.1.3\error_prone_annotations-2.1.3.jar;C:\Users\Berliana Elfada\.m2\repository\com\google\j2objc\j2objc-annotations\1.1\j2objc-annotations-1.1.jar;C:\Users\Berliana Elfada\.m2\repository\org\codehaus\mojo\animal-sniffer-annotations\1.14\animal-sniffer-annotations-1.14.jar;C:\Users\Berliana Elfada\.m2\repository\com\squareup\okhttp3\okhttp\3.11.0\okhttp-3.11.0.jar;C:\Users\Berliana Elfada\.m2\repository\com\squareup\okio\okio\1.14.0\okio-1.14.0.jar;C:\Users\Berliana Elfada\.m2\repository\net\masterthought\cucumber-reporting\5.4.0\cucumber-reporting-5.4.0.jar;C:\Users\Berliana Elfada\.m2\repository\com\fasterxml\jackson\core\jackson-databind\2.10.1\jackson-databind-2.10.1.jar;C:\Users\Berliana Elfada\.m2\repository\com\fasterxml\jackson\core\jackson-annotations\2.10.1\jackson-annotations-2.10.1.jar;C:\Users\Berliana Elfada\.m2\repository\com\fasterxml\jackson\core\jackson-core\2.10.1\jackson-core-2.10.1.jar;C:\Users\Berliana Elfada\.m2\repository\com\fasterxml\jackson\datatype\jackson-datatype-jsr310\2.10.1\jackson-datatype-jsr310-2.10.1.jar;C:\Users\Berliana Elfada\.m2\repository\org\apache\velocity\velocity-engine-core\2.1\velocity-engine-core-2.1.jar;C:\Users\Berliana Elfada\.m2\repository\org\slf4j\slf4j-api\1.7.26\slf4j-api-1.7.26.jar;C:\Users\Berliana Elfada\.m2\repository\commons-collections\commons-collections\3.2.2\commons-collections-3.2.2.jar;C:\Users\Berliana Elfada\.m2\repository\joda-time\joda-time\2.10.5\joda-time-2.10.5.jar;C:\Users\Berliana Elfada\.m2\repository\org\apache\commons\commons-lang3\3.9\commons-lang3-3.9.jar;C:\Users\Berliana Elfada\.m2\repository\commons-io\commons-io\2.6\commons-io-2.6.jar;C:\Users\Berliana Elfada\.m2\repository\org\codehaus\plexus\plexus-utils\3.3.0\plexus-utils-3.3.0.jar;C:\Users\Berliana Elfada\.m2\repository\org\jsoup\jsoup\1.12.1\jsoup-1.12.1.jar;C:\Users\Berliana Elfada\.m2\repository\com\googlecode\owasp-java-html-sanitizer\owasp-java-html-sanitizer\20191001.1\owasp-java-html-sanitizer-20191001.1.jar;C:\Users\Berliana Elfada\.m2\repository\commons-configuration\commons-configuration\1.10\commons-configuration-1.10.jar;C:\Users\Berliana Elfada\.m2\repository\commons-lang\commons-lang\2.6\commons-lang-2.6.jar;C:\Users\Berliana Elfada\.m2\repository\commons-logging\commons-logging\1.1.1\commons-logging-1.1.1.jar;"/>
    <property name="sun.cpu.endian" value="little"/>
    <property name="user.home" value="C:\Users\Berliana Elfada"/>
    <property name="user.language" value="en"/>
    <property name="java.specification.vendor" value="Oracle Corporation"/>
    <property name="java.home" value="C:\Program Files\Zulu\zulu-8\jre"/>
    <property name="basedir" value="D:\BER\KAIST\SEM6\PPL3\PRAKTIK\week12\3\AutomationWebTesting"/>
    <property name="file.separator" value="\"/>
    <property name="line.separator" value="&#10;"/>
    <property name="jdk.vendor.version" value="Zulu 8.72.0.17-CA-win64"/>
    <property name="java.vm.specification.vendor" value="Oracle Corporation"/>
    <property name="java.specification.name" value="Java Platform API Specification"/>
    <property name="java.awt.graphicsenv" value="sun.awt.Win32GraphicsEnvironment"/>
    <property name="surefire.real.class.path" value="C:\Users\BERLIA~1\AppData\Local\Temp\surefire1906529758569566528\surefirebooter1782078245124310597.jar"/>
    <property name="sun.boot.class.path" value="C:\Program Files\Zulu\zulu-8\jre\lib\resources.jar;C:\Program Files\Zulu\zulu-8\jre\lib\rt.jar;C:\Program Files\Zulu\zulu-8\jre\lib\sunrsasign.jar;C:\Program Files\Zulu\zulu-8\jre\lib\jsse.jar;C:\Program Files\Zulu\zulu-8\jre\lib\jce.jar;C:\Program Files\Zulu\zulu-8\jre\lib\charsets.jar;C:\Program Files\Zulu\zulu-8\jre\lib\jfr.jar;C:\Program Files\Zulu\zulu-8\jre\lib\cat.jar;C:\Program Files\Zulu\zulu-8\jre\classes"/>
    <property name="user.script" value=""/>
    <property name="sun.management.compiler" value="HotSpot 64-Bit Tiered Compilers"/>
    <property name="java.runtime.version" value="1.8.0_382-b05"/>
    <property name="user.name" value="Berliana Elfada"/>
    <property name="path.separator" value=";"/>
    <property name="os.version" value="10.0"/>
    <property name="java.endorsed.dirs" value="C:\Program Files\Zulu\zulu-8\jre\lib\endorsed"/>
    <property name="java.runtime.name" value="OpenJDK Runtime Environment"/>
    <property name="file.encoding" value="Cp1252"/>
    <property name="java.vm.name" value="OpenJDK 64-Bit Server VM"/>
    <property name="localRepository" value="C:\Users\Berliana Elfada\.m2\repository"/>
    <property name="java.vendor.url.bug" value="http://www.azul.com/support/"/>
    <property name="java.io.tmpdir" value="C:\Users\BERLIA~1\AppData\Local\Temp\"/>
    <property name="java.version" value="1.8.0_382"/>
    <property name="user.dir" value="D:\BER\KAIST\SEM6\PPL3\PRAKTIK\week12\3\AutomationWebTesting"/>
    <property name="os.arch" value="amd64"/>
    <property name="java.vm.specification.name" value="Java Virtual Machine Specification"/>
    <property name="java.awt.printerjob" value="sun.awt.windows.WPrinterJob"/>
    <property name="sun.os.patch.level" value=""/>
    <property name="java.library.path" value="C:\Program Files\Zulu\zulu-8\jre\bin;C:\WINDOWS\Sun\Java\bin;C:\WINDOWS\system32;C:\WINDOWS;C:\Program Files\Zulu\zulu-8\bin\;C:\Program Files\Zulu\zulu-8\bin;C:\Program Files\Java\jdk-17;C:\Program Files\Maven\apache-maven-3.9.4\bin;C:\Program Files\Maven\apache-maven-3.9.4;C:\Users\Berliana Elfada\AppData\Local\Programs\Python\Python310;C:\Users\Berliana Elfada\AppData\Local\Programs\Python\Python310;C:\Program Files (x86)\Microsoft Visual Studio\BuildTools\VC\Tools\MSVC\14.38.33130\bin\Hostx64\x64;C:\oraclexe\app\oracle\product\11.2.0\server\bin;C:\Program Files\Common Files\Oracle\Java\javapath;C:\Program Files (x86)\Common Files\Oracle\Java\javapath;C:\Program Files (x86)\Common Files\Intel\Shared Files\cpp\bin\Intel64;C:\Windows\system32;C:\Windows;C:\Windows\System32\Wbem;C:\Windows\System32\WindowsPowerShell\v1.0\;C:\Windows\System32\OpenSSH\;C:\Program Files (x86)\NVIDIA Corporation\PhysX\Common;C:\Program Files\NVIDIA Corporation\NVIDIA NvDLISR;C:\WINDOWS\system32;C:\WINDOWS;C:\WINDOWS\System32\Wbem;C:\WINDOWS\System32\WindowsPowerShell\v1.0\;C:\WINDOWS\System32\OpenSSH\;C:\Program Files\Git\cmd;C:\Program Files\PuTTY\;C:\ProgramData\chocolatey\bin;D:\swipl\bin;C:\Program Files\Microsoft SQL Server\130\Tools\Binn\;D:\neo4j\bin;C:\Program Files\Go\bin;C:\Program Files\nodejs\;C:\xampp\php;C:\ProgramData\ComposerSetup\bin;C:\Program Files\CMake\bin;C:\Program Files\Docker\Docker\resources\bin;C:\Users\Berliana Elfada\AppData\Local\Programs\Python\Python310;C:\Users\Berliana Elfada\AppData\Local\Programs\Python\Python310\Scripts;C:\oraclexe\app\oracle\product\11.2.0\server\bin;C:\Program Files\Java\jdk-17;C:\Program Files\Common Files\Oracle\Java\javapath;C:\Users\Berliana Elfada\AppData\Local\Programs\Microsoft VS Code\bin;C:\Program Files (x86)\Common Files\Intel\Shared Files\cpp\bin\Intel64;C:\Windows\system32;C:\Windows;C:\Windows\System32\Wbem;C:\Windows\System32\WindowsPowerShell\v1.0\;C:\Windows\System32\OpenSSH\;C:\Program Files (x86)\NVIDIA Corporation\PhysX\Common;C:\Program Files\NVIDIA Corporation\NVIDIA NvDLISR;C:\WINDOWS\system32;C:\WINDOWS;C:\WINDOWS\System32\Wbem;C:\WINDOWS\System32\WindowsPowerShell\v1.0\;C:\WINDOWS\System32\OpenSSH\;C:\Program Files\Git\cmd;C:\Program Files\PuTTY\;C:\ProgramData\chocolatey\bin;D:\swipl\bin;C:\Program Files\dotnet\;C:\Program Files\Microsoft SQL Server\130\Tools\Binn\;C:\Progr;;."/>
    <property name="java.vm.info" value="mixed mode"/>
    <property name="java.vendor" value="Azul Systems, Inc."/>
    <property name="java.vm.version" value="25.382-b05"/>
    <property name="java.specification.maintenance.version" value="5"/>
    <property name="java.ext.dirs" value="C:\Program Files\Zulu\zulu-8\jre\lib\ext;C:\WINDOWS\Sun\Java\lib\ext"/>
    <property name="sun.io.unicode.encoding" value="UnicodeLittle"/>
    <property name="java.class.version" value="52.0"/>
  </properties>
  <testcase name="Successful login with password and the username is registered in the database" classname="Login Feature" time="19.34"/>
  <testcase name="Unsuccessful login with Username and Password unregistered in the database" classname="Login Feature" time="7.311">
    <failure message="expected:&lt;...user in this service[!]&gt; but was:&lt;...user in this service[]&gt;" type="org.junit.ComparisonFailure"><![CDATA[org.junit.ComparisonFailure: expected:<...user in this service[!]> but was:<...user in this service[]>
]]></failure>
    <system-out><![CDATA[
Scenario: Unsuccessful login with Username and Password unregistered in the database                             &amp#27;[90m# src/test/resources/features/Login.feature:13&amp#27;[0m
  &amp#27;[32mGiven &amp#27;[0m&amp#27;[32mI have opened the application in the browser&amp#27;[0m                                                             &amp#27;[90m# stepDefinitions.LoginTest.I_have_opened_the_application_in_the_browser()&amp#27;[0m
  &amp#27;[32mAnd &amp#27;[0m&amp#27;[32mI have been navigated to the login page&amp#27;[0m                                                                    &amp#27;[90m# stepDefinitions.LoginTest.I_have_been_navigated_to_the_login_page()&amp#27;[0m
  &amp#27;[32mWhen &amp#27;[0m&amp#27;[32mI enter username &amp#27;[0m&amp#27;[32m&amp#27;[1m"standarduser"&amp#27;[0m&amp#27;[32m and password &amp#27;[0m&amp#27;[32m&amp#27;[1m"secretsauce"&amp#27;[0m                                                &amp#27;[90m# stepDefinitions.LoginTest.I_enter_username_and_password(java.lang.String,java.lang.String)&amp#27;[0m
  &amp#27;[32mAnd &amp#27;[0m&amp#27;[32mI click the login button&amp#27;[0m                                                                                   &amp#27;[90m# stepDefinitions.LoginTest.I_click_the_login_button()&amp#27;[0m
  &amp#27;[31mThen &amp#27;[0m&amp#27;[31mI should see the message &amp#27;[0m&amp#27;[31m&amp#27;[1m"Username and password do not match any user in this service!"&amp#27;[0m&amp#27;[31m on the login form&amp#27;[0m &amp#27;[90m# stepDefinitions.LoginTest.I_should_see_the_message_on_the_login_form(java.lang.String)&amp#27;[0m
      &amp#27;[31morg.junit.ComparisonFailure: expected:<...user in this service[!]> but was:<...user in this service[]>
	at org.junit.Assert.assertEquals(Assert.java:115)
	at org.junit.Assert.assertEquals(Assert.java:144)
	at stepDefinitions.LoginTest.I_should_see_the_message_on_the_login_form(LoginTest.java:49)
	at âœ½.I should see the message "Username and password do not match any user in this service!" on the login form(file:///D:/BER/KAIST/SEM6/PPL3/PRAKTIK/week12/3/AutomationWebTesting/src/test/resources/features/Login.feature:18)
&amp#27;[0m
]]></system-out>
    <system-err><![CDATA[Starting ChromeDriver 124.0.6367.201 (46cf136d27d50afd9c618d164a3b95b3b62d0027-refs/branch-heads/6367@{#1130}) on port 18618
Only local connections are allowed.
Please see https://chromedriver.chromium.org/security-considerations for suggestions on keeping ChromeDriver safe.
ChromeDriver was started successfully.
May 14, 2024 10:43:10 AM org.openqa.selenium.remote.ProtocolHandshake createSession
INFO: Detected dialect: W3C
]]></system-err>
  </testcase>
  <testcase name="Unsuccessful login with password and username is empty" classname="Login Feature" time="6.88">
    <failure message="expected:&lt;Epic sadface: [You need Username &amp; Password!]&gt; but was:&lt;Epic sadface: [Username is required]&gt;" type="org.junit.ComparisonFailure"><![CDATA[org.junit.ComparisonFailure: expected:<Epic sadface: [You need Username & Password!]> but was:<Epic sadface: [Username is required]>
]]></failure>
    <system-out><![CDATA[
Scenario: Unsuccessful login with password and username is empty                  &amp#27;[90m# src/test/resources/features/Login.feature:20&amp#27;[0m
  &amp#27;[32mGiven &amp#27;[0m&amp#27;[32mI have opened the application in the browser&amp#27;[0m                              &amp#27;[90m# stepDefinitions.LoginTest.I_have_opened_the_application_in_the_browser()&amp#27;[0m
  &amp#27;[32mAnd &amp#27;[0m&amp#27;[32mI have been navigated to the login page&amp#27;[0m                                     &amp#27;[90m# stepDefinitions.LoginTest.I_have_been_navigated_to_the_login_page()&amp#27;[0m
  &amp#27;[32mWhen &amp#27;[0m&amp#27;[32mI leave the username and password fields empty&amp#27;[0m                             &amp#27;[90m# stepDefinitions.LoginTest.I_leave_the_username_and_password_fields_empty()&amp#27;[0m
  &amp#27;[32mAnd &amp#27;[0m&amp#27;[32mI click the login button&amp#27;[0m                                                    &amp#27;[90m# stepDefinitions.LoginTest.I_click_the_login_button()&amp#27;[0m
  &amp#27;[31mThen &amp#27;[0m&amp#27;[31mI should see the message &amp#27;[0m&amp#27;[31m&amp#27;[1m"You need Username & Password!"&amp#27;[0m&amp#27;[31m on the login form&amp#27;[0m &amp#27;[90m# stepDefinitions.LoginTest.I_should_see_the_message_on_the_login_form(java.lang.String)&amp#27;[0m
      &amp#27;[31morg.junit.ComparisonFailure: expected:<Epic sadface: [You need Username & Password!]> but was:<Epic sadface: [Username is required]>
	at org.junit.Assert.assertEquals(Assert.java:115)
	at org.junit.Assert.assertEquals(Assert.java:144)
	at stepDefinitions.LoginTest.I_should_see_the_message_on_the_login_form(LoginTest.java:49)
	at âœ½.I should see the message "You need Username & Password!" on the login form(file:///D:/BER/KAIST/SEM6/PPL3/PRAKTIK/week12/3/AutomationWebTesting/src/test/resources/features/Login.feature:25)
&amp#27;[0m
]]></system-out>
    <system-err><![CDATA[Starting ChromeDriver 124.0.6367.201 (46cf136d27d50afd9c618d164a3b95b3b62d0027-refs/branch-heads/6367@{#1130}) on port 39319
Only local connections are allowed.
Please see https://chromedriver.chromium.org/security-considerations for suggestions on keeping ChromeDriver safe.
ChromeDriver was started successfully.
May 14, 2024 10:43:17 AM org.openqa.selenium.remote.ProtocolHandshake createSession
INFO: Detected dialect: W3C
]]></system-err>
  </testcase>
  <testcase name="Unsuccessful login with password is registered in the database but the username is empty" classname="Login Feature" time="9.469">
    <failure message="expected:&lt;Epic sadface: [You need Username!]&gt; but was:&lt;Epic sadface: [Username is required]&gt;" type="org.junit.ComparisonFailure"><![CDATA[org.junit.ComparisonFailure: expected:<Epic sadface: [You need Username!]> but was:<Epic sadface: [Username is required]>
]]></failure>
    <system-out><![CDATA[
Scenario: Unsuccessful login with password is registered in the database but the username is empty &amp#27;[90m# src/test/resources/features/Login.feature:27&amp#27;[0m
  &amp#27;[32mGiven &amp#27;[0m&amp#27;[32mI have opened the application in the browser&amp#27;[0m                                               &amp#27;[90m# stepDefinitions.LoginTest.I_have_opened_the_application_in_the_browser()&amp#27;[0m
  &amp#27;[32mAnd &amp#27;[0m&amp#27;[32mI have been navigated to the login page&amp#27;[0m                                                      &amp#27;[90m# stepDefinitions.LoginTest.I_have_been_navigated_to_the_login_page()&amp#27;[0m
  &amp#27;[32mWhen &amp#27;[0m&amp#27;[32mI enter username &amp#27;[0m&amp#27;[32m&amp#27;[1m""&amp#27;[0m&amp#27;[32m and password &amp#27;[0m&amp#27;[32m&amp#27;[1m"secret_sauce"&amp#27;[0m                                             &amp#27;[90m# stepDefinitions.LoginTest.I_enter_username_and_password(java.lang.String,java.lang.String)&amp#27;[0m
  &amp#27;[32mAnd &amp#27;[0m&amp#27;[32mI click the login button&amp#27;[0m                                                                     &amp#27;[90m# stepDefinitions.LoginTest.I_click_the_login_button()&amp#27;[0m
  &amp#27;[31mThen &amp#27;[0m&amp#27;[31mI should see the message &amp#27;[0m&amp#27;[31m&amp#27;[1m"You need Username!"&amp#27;[0m&amp#27;[31m on the login form&amp#27;[0m                             &amp#27;[90m# stepDefinitions.LoginTest.I_should_see_the_message_on_the_login_form(java.lang.String)&amp#27;[0m
      &amp#27;[31morg.junit.ComparisonFailure: expected:<Epic sadface: [You need Username!]> but was:<Epic sadface: [Username is required]>
	at org.junit.Assert.assertEquals(Assert.java:115)
	at org.junit.Assert.assertEquals(Assert.java:144)
	at stepDefinitions.LoginTest.I_should_see_the_message_on_the_login_form(LoginTest.java:49)
	at âœ½.I should see the message "You need Username!" on the login form(file:///D:/BER/KAIST/SEM6/PPL3/PRAKTIK/week12/3/AutomationWebTesting/src/test/resources/features/Login.feature:32)
&amp#27;[0m
]]></system-out>
    <system-err><![CDATA[Starting ChromeDriver 124.0.6367.201 (46cf136d27d50afd9c618d164a3b95b3b62d0027-refs/branch-heads/6367@{#1130}) on port 56601
Only local connections are allowed.
Please see https://chromedriver.chromium.org/security-considerations for suggestions on keeping ChromeDriver safe.
ChromeDriver was started successfully.
May 14, 2024 10:43:24 AM org.openqa.selenium.remote.ProtocolHandshake createSession
INFO: Detected dialect: W3C
]]></system-err>
  </testcase>
  <testcase name="Unsuccessful login with username is registered in the database but the password not registered in the database" classname="Login Feature" time="8.633">
    <failure message="expected:&lt;Epic sadface: [You need Password!]&gt; but was:&lt;Epic sadface: [Username and password do not match any user in this service]&gt;" type="org.junit.ComparisonFailure"><![CDATA[org.junit.ComparisonFailure: expected:<Epic sadface: [You need Password!]> but was:<Epic sadface: [Username and password do not match any user in this service]>
]]></failure>
    <system-out><![CDATA[
Scenario: Unsuccessful login with username is registered in the database but the password not registered in the database &amp#27;[90m# src/test/resources/features/Login.feature:34&amp#27;[0m
  &amp#27;[32mGiven &amp#27;[0m&amp#27;[32mI have opened the application in the browser&amp#27;[0m                                                                     &amp#27;[90m# stepDefinitions.LoginTest.I_have_opened_the_application_in_the_browser()&amp#27;[0m
  &amp#27;[32mAnd &amp#27;[0m&amp#27;[32mI have been navigated to the login page&amp#27;[0m                                                                            &amp#27;[90m# stepDefinitions.LoginTest.I_have_been_navigated_to_the_login_page()&amp#27;[0m
  &amp#27;[32mWhen &amp#27;[0m&amp#27;[32mI enter username &amp#27;[0m&amp#27;[32m&amp#27;[1m"standard_user"&amp#27;[0m&amp#27;[32m and password &amp#27;[0m&amp#27;[32m&amp#27;[1m"secretsauce"&amp#27;[0m                                                       &amp#27;[90m# stepDefinitions.LoginTest.I_enter_username_and_password(java.lang.String,java.lang.String)&amp#27;[0m
  &amp#27;[32mAnd &amp#27;[0m&amp#27;[32mI click the login button&amp#27;[0m                                                                                           &amp#27;[90m# stepDefinitions.LoginTest.I_click_the_login_button()&amp#27;[0m
  &amp#27;[31mThen &amp#27;[0m&amp#27;[31mI should see the message &amp#27;[0m&amp#27;[31m&amp#27;[1m"You need Password!"&amp#27;[0m&amp#27;[31m on the login form&amp#27;[0m                                                   &amp#27;[90m# stepDefinitions.LoginTest.I_should_see_the_message_on_the_login_form(java.lang.String)&amp#27;[0m
      &amp#27;[31morg.junit.ComparisonFailure: expected:<Epic sadface: [You need Password!]> but was:<Epic sadface: [Username and password do not match any user in this service]>
	at org.junit.Assert.assertEquals(Assert.java:115)
	at org.junit.Assert.assertEquals(Assert.java:144)
	at stepDefinitions.LoginTest.I_should_see_the_message_on_the_login_form(LoginTest.java:49)
	at âœ½.I should see the message "You need Password!" on the login form(file:///D:/BER/KAIST/SEM6/PPL3/PRAKTIK/week12/3/AutomationWebTesting/src/test/resources/features/Login.feature:39)
&amp#27;[0m
]]></system-out>
    <system-err><![CDATA[Starting ChromeDriver 124.0.6367.201 (46cf136d27d50afd9c618d164a3b95b3b62d0027-refs/branch-heads/6367@{#1130}) on port 25644
Only local connections are allowed.
Please see https://chromedriver.chromium.org/security-considerations for suggestions on keeping ChromeDriver safe.
ChromeDriver was started successfully.
May 14, 2024 10:43:34 AM org.openqa.selenium.remote.ProtocolHandshake createSession
INFO: Detected dialect: W3C
]]></system-err>
  </testcase>
  <testcase name="Unsuccesfull login with username is registered in the database but the password is empty" classname="Login Feature" time="6.559">
    <failure message="expected:&lt;Epic sadface: [You need Password!]&gt; but was:&lt;Epic sadface: [Password is required]&gt;" type="org.junit.ComparisonFailure"><![CDATA[org.junit.ComparisonFailure: expected:<Epic sadface: [You need Password!]> but was:<Epic sadface: [Password is required]>
]]></failure>
    <system-out><![CDATA[
Scenario: Unsuccesfull login with username is registered in the database but the password is empty &amp#27;[90m# src/test/resources/features/Login.feature:41&amp#27;[0m
  &amp#27;[32mGiven &amp#27;[0m&amp#27;[32mI have opened the application in the browser&amp#27;[0m                                               &amp#27;[90m# stepDefinitions.LoginTest.I_have_opened_the_application_in_the_browser()&amp#27;[0m
  &amp#27;[32mAnd &amp#27;[0m&amp#27;[32mI have been navigated to the login page&amp#27;[0m                                                      &amp#27;[90m# stepDefinitions.LoginTest.I_have_been_navigated_to_the_login_page()&amp#27;[0m
  &amp#27;[32mWhen &amp#27;[0m&amp#27;[32mI enter username &amp#27;[0m&amp#27;[32m&amp#27;[1m"standard_user"&amp#27;[0m&amp#27;[32m and password &amp#27;[0m&amp#27;[32m&amp#27;[1m""&amp#27;[0m                                            &amp#27;[90m# stepDefinitions.LoginTest.I_enter_username_and_password(java.lang.String,java.lang.String)&amp#27;[0m
  &amp#27;[32mAnd &amp#27;[0m&amp#27;[32mI click the login button&amp#27;[0m                                                                     &amp#27;[90m# stepDefinitions.LoginTest.I_click_the_login_button()&amp#27;[0m
  &amp#27;[31mThen &amp#27;[0m&amp#27;[31mI should see the message &amp#27;[0m&amp#27;[31m&amp#27;[1m"You need Password!"&amp#27;[0m&amp#27;[31m on the login form&amp#27;[0m                             &amp#27;[90m# stepDefinitions.LoginTest.I_should_see_the_message_on_the_login_form(java.lang.String)&amp#27;[0m
      &amp#27;[31morg.junit.ComparisonFailure: expected:<Epic sadface: [You need Password!]> but was:<Epic sadface: [Password is required]>
	at org.junit.Assert.assertEquals(Assert.java:115)
	at org.junit.Assert.assertEquals(Assert.java:144)
	at stepDefinitions.LoginTest.I_should_see_the_message_on_the_login_form(LoginTest.java:49)
	at âœ½.I should see the message "You need Password!" on the login form(file:///D:/BER/KAIST/SEM6/PPL3/PRAKTIK/week12/3/AutomationWebTesting/src/test/resources/features/Login.feature:46)
&amp#27;[0m
]]></system-out>
    <system-err><![CDATA[Starting ChromeDriver 124.0.6367.201 (46cf136d27d50afd9c618d164a3b95b3b62d0027-refs/branch-heads/6367@{#1130}) on port 8518
Only local connections are allowed.
Please see https://chromedriver.chromium.org/security-considerations for suggestions on keeping ChromeDriver safe.
ChromeDriver was started successfully.
May 14, 2024 10:43:41 AM org.openqa.selenium.remote.ProtocolHandshake createSession
INFO: Detected dialect: W3C
]]></system-err>
  </testcase>
  <testcase name="Unsuccesfull login with password is registered in the database but the username not registered in the database" classname="Login Feature" time="5.879">
    <failure message="expected:&lt;...c sadface: Username [ and password do not match any User in  this service!]&gt; but was:&lt;...c sadface: Username [and password do not match any user in this service]&gt;" type="org.junit.ComparisonFailure"><![CDATA[org.junit.ComparisonFailure: expected:<...c sadface: Username [ and password do not match any User in  this service!]> but was:<...c sadface: Username [and password do not match any user in this service]>
]]></failure>
    <system-out><![CDATA[
Scenario: Unsuccesfull login with password is registered in the database but the username not registered in the database &amp#27;[90m# src/test/resources/features/Login.feature:48&amp#27;[0m
  &amp#27;[32mGiven &amp#27;[0m&amp#27;[32mI have opened the application in the browser&amp#27;[0m                                                                     &amp#27;[90m# stepDefinitions.LoginTest.I_have_opened_the_application_in_the_browser()&amp#27;[0m
  &amp#27;[32mAnd &amp#27;[0m&amp#27;[32mI have been navigated to the login page&amp#27;[0m                                                                            &amp#27;[90m# stepDefinitions.LoginTest.I_have_been_navigated_to_the_login_page()&amp#27;[0m
  &amp#27;[32mWhen &amp#27;[0m&amp#27;[32mI enter username &amp#27;[0m&amp#27;[32m&amp#27;[1m"secret_sauce"&amp#27;[0m&amp#27;[32m and password &amp#27;[0m&amp#27;[32m&amp#27;[1m"secret_sauce"&amp#27;[0m                                                       &amp#27;[90m# stepDefinitions.LoginTest.I_enter_username_and_password(java.lang.String,java.lang.String)&amp#27;[0m
  &amp#27;[32mAnd &amp#27;[0m&amp#27;[32mI click the login button&amp#27;[0m                                                                                           &amp#27;[90m# stepDefinitions.LoginTest.I_click_the_login_button()&amp#27;[0m
  &amp#27;[31mThen &amp#27;[0m&amp#27;[31mI should see the message &amp#27;[0m&amp#27;[31m&amp#27;[1m"Username  and password do not match any User in  this service!"&amp#27;[0m&amp#27;[31m on the login form&amp#27;[0m       &amp#27;[90m# stepDefinitions.LoginTest.I_should_see_the_message_on_the_login_form(java.lang.String)&amp#27;[0m
      &amp#27;[31morg.junit.ComparisonFailure: expected:<...c sadface: Username [ and password do not match any User in  this service!]> but was:<...c sadface: Username [and password do not match any user in this service]>
	at org.junit.Assert.assertEquals(Assert.java:115)
	at org.junit.Assert.assertEquals(Assert.java:144)
	at stepDefinitions.LoginTest.I_should_see_the_message_on_the_login_form(LoginTest.java:49)
	at âœ½.I should see the message "Username  and password do not match any User in  this service!" on the login form(file:///D:/BER/KAIST/SEM6/PPL3/PRAKTIK/week12/3/AutomationWebTesting/src/test/resources/features/Login.feature:53)
&amp#27;[0m
]]></system-out>
    <system-err><![CDATA[Starting ChromeDriver 124.0.6367.201 (46cf136d27d50afd9c618d164a3b95b3b62d0027-refs/branch-heads/6367@{#1130}) on port 23227
Only local connections are allowed.
Please see https://chromedriver.chromium.org/security-considerations for suggestions on keeping ChromeDriver safe.
ChromeDriver was started successfully.
May 14, 2024 10:43:48 AM org.openqa.selenium.remote.ProtocolHandshake createSession
INFO: Detected dialect: W3C
]]></system-err>
  </testcase>
  <testcase name="Unsuccesfull login with username is not registered in the database but the password is empty" classname="Login Feature" time="8.615">
    <failure message="expected:&lt;Epic sadface: [You need Username &amp; Password!]&gt; but was:&lt;Epic sadface: [Password is required]&gt;" type="org.junit.ComparisonFailure"><![CDATA[org.junit.ComparisonFailure: expected:<Epic sadface: [You need Username & Password!]> but was:<Epic sadface: [Password is required]>
]]></failure>
    <system-out><![CDATA[
Scenario: Unsuccesfull login with username is not registered in the database but the password is empty &amp#27;[90m# src/test/resources/features/Login.feature:55&amp#27;[0m
  &amp#27;[32mGiven &amp#27;[0m&amp#27;[32mI have opened the application in the browser&amp#27;[0m                                                   &amp#27;[90m# stepDefinitions.LoginTest.I_have_opened_the_application_in_the_browser()&amp#27;[0m
  &amp#27;[32mAnd &amp#27;[0m&amp#27;[32mI have been navigated to the login page&amp#27;[0m                                                          &amp#27;[90m# stepDefinitions.LoginTest.I_have_been_navigated_to_the_login_page()&amp#27;[0m
  &amp#27;[32mWhen &amp#27;[0m&amp#27;[32mI enter username &amp#27;[0m&amp#27;[32m&amp#27;[1m"standarduser"&amp#27;[0m&amp#27;[32m and password &amp#27;[0m&amp#27;[32m&amp#27;[1m""&amp#27;[0m                                                 &amp#27;[90m# stepDefinitions.LoginTest.I_enter_username_and_password(java.lang.String,java.lang.String)&amp#27;[0m
  &amp#27;[32mAnd &amp#27;[0m&amp#27;[32mI click the login button&amp#27;[0m                                                                         &amp#27;[90m# stepDefinitions.LoginTest.I_click_the_login_button()&amp#27;[0m
  &amp#27;[31mThen &amp#27;[0m&amp#27;[31mI should see the message &amp#27;[0m&amp#27;[31m&amp#27;[1m"You need Username & Password!"&amp#27;[0m&amp#27;[31m on the login form&amp#27;[0m                      &amp#27;[90m# stepDefinitions.LoginTest.I_should_see_the_message_on_the_login_form(java.lang.String)&amp#27;[0m
      &amp#27;[31morg.junit.ComparisonFailure: expected:<Epic sadface: [You need Username & Password!]> but was:<Epic sadface: [Password is required]>
	at org.junit.Assert.assertEquals(Assert.java:115)
	at org.junit.Assert.assertEquals(Assert.java:144)
	at stepDefinitions.LoginTest.I_should_see_the_message_on_the_login_form(LoginTest.java:49)
	at âœ½.I should see the message "You need Username & Password!" on the login form(file:///D:/BER/KAIST/SEM6/PPL3/PRAKTIK/week12/3/AutomationWebTesting/src/test/resources/features/Login.feature:60)
&amp#27;[0m
]]></system-out>
    <system-err><![CDATA[Starting ChromeDriver 124.0.6367.201 (46cf136d27d50afd9c618d164a3b95b3b62d0027-refs/branch-heads/6367@{#1130}) on port 20403
Only local connections are allowed.
Please see https://chromedriver.chromium.org/security-considerations for suggestions on keeping ChromeDriver safe.
ChromeDriver was started successfully.
May 14, 2024 10:43:57 AM org.openqa.selenium.remote.ProtocolHandshake createSession
INFO: Detected dialect: W3C
]]></system-err>
  </testcase>
  <testcase name="Unsuccessful login with password not registered in the database and the username is empty" classname="Login Feature" time="8.885">
    <failure message="expected:&lt;Epic sadface: [You need Username &amp; Password!]&gt; but was:&lt;Epic sadface: [Username is required]&gt;" type="org.junit.ComparisonFailure"><![CDATA[org.junit.ComparisonFailure: expected:<Epic sadface: [You need Username & Password!]> but was:<Epic sadface: [Username is required]>
]]></failure>
    <system-out><![CDATA[
Scenario: Unsuccessful login with password not registered in the database and the username is empty &amp#27;[90m# src/test/resources/features/Login.feature:62&amp#27;[0m
  &amp#27;[32mGiven &amp#27;[0m&amp#27;[32mI have opened the application in the browser&amp#27;[0m                                                &amp#27;[90m# stepDefinitions.LoginTest.I_have_opened_the_application_in_the_browser()&amp#27;[0m
  &amp#27;[32mAnd &amp#27;[0m&amp#27;[32mI have been navigated to the login page&amp#27;[0m                                                       &amp#27;[90m# stepDefinitions.LoginTest.I_have_been_navigated_to_the_login_page()&amp#27;[0m
  &amp#27;[32mWhen &amp#27;[0m&amp#27;[32mI enter username &amp#27;[0m&amp#27;[32m&amp#27;[1m""&amp#27;[0m&amp#27;[32m and password &amp#27;[0m&amp#27;[32m&amp#27;[1m"secretsauce"&amp#27;[0m                                               &amp#27;[90m# stepDefinitions.LoginTest.I_enter_username_and_password(java.lang.String,java.lang.String)&amp#27;[0m
  &amp#27;[32mAnd &amp#27;[0m&amp#27;[32mI click the login button&amp#27;[0m                                                                      &amp#27;[90m# stepDefinitions.LoginTest.I_click_the_login_button()&amp#27;[0m
  &amp#27;[31mThen &amp#27;[0m&amp#27;[31mI should see the message &amp#27;[0m&amp#27;[31m&amp#27;[1m"You need Username & Password!"&amp#27;[0m&amp#27;[31m on the login form&amp#27;[0m                   &amp#27;[90m# stepDefinitions.LoginTest.I_should_see_the_message_on_the_login_form(java.lang.String)&amp#27;[0m
      &amp#27;[31morg.junit.ComparisonFailure: expected:<Epic sadface: [You need Username & Password!]> but was:<Epic sadface: [Username is required]>
	at org.junit.Assert.assertEquals(Assert.java:115)
	at org.junit.Assert.assertEquals(Assert.java:144)
	at stepDefinitions.LoginTest.I_should_see_the_message_on_the_login_form(LoginTest.java:49)
	at âœ½.I should see the message "You need Username & Password!" on the login form(file:///D:/BER/KAIST/SEM6/PPL3/PRAKTIK/week12/3/AutomationWebTesting/src/test/resources/features/Login.feature:67)
&amp#27;[0m
]]></system-out>
    <system-err><![CDATA[Starting ChromeDriver 124.0.6367.201 (46cf136d27d50afd9c618d164a3b95b3b62d0027-refs/branch-heads/6367@{#1130}) on port 59907
Only local connections are allowed.
Please see https://chromedriver.chromium.org/security-considerations for suggestions on keeping ChromeDriver safe.
ChromeDriver was started successfully.
May 14, 2024 10:44:03 AM org.openqa.selenium.remote.ProtocolHandshake createSession
INFO: Detected dialect: W3C
]]></system-err>
  </testcase>
</testsuite>